<?xml version="1.0" encoding="UTF-8"?>
<!-- Generated by org.testng.reporters.JUnitReportReporter -->
<testsuite skipped="0" hostname="Suresh" name="com.qa.test.PostAPITest" tests="1" failures="0" timestamp="2020-04-22T15:24:04 IST" time="3.970" errors="0">
  <testcase name="postAPITest" time="3.970" classname="com.qa.test.PostAPITest"/>
  <system-out/>
</testsuite> <!-- com.qa.test.PostAPITest -->
