<?xml version="1.0" encoding="UTF-8"?>
<!-- Generated by org.testng.reporters.JUnitReportReporter -->
<testsuite skipped="0" hostname="Suresh" name="com.qa.test.GetAPITest" tests="2" failures="0" timestamp="2020-04-22T15:13:11 IST" time="4.159" errors="0">
  <testcase name="getAPITestWithHeaders" time="2.700" classname="com.qa.test.GetAPITest"/>
  <system-out/>
  <testcase name="getAPITestWithoutHeaders" time="1.459" classname="com.qa.test.GetAPITest"/>
  <system-out/>
</testsuite> <!-- com.qa.test.GetAPITest -->
